build/app/intermediates/manifest_merge_blame_file/devDebug/manifest-merger-blame-dev-debug-report.txt
1<?xml version="1.0" encoding="utf-8"?>
2<manifest xmlns:android="http://schemas.android.com/apk/res/android"
3    package="org.second.bestill.dev"
4    android:versionCode="5"
5    android:versionName="1.4.1-dev" >
6
7    <uses-sdk
8        android:minSdkVersion="23"
9        android:targetSdkVersion="30" />
10    <!--
11         Flutter needs it to communicate with the running application
12         to allow setting breakpoints, to provide hot reload, etc.
13    -->
14    <uses-permission android:name="android.permission.INTERNET" />
14-->src\debug\AndroidManifest.xml:6:5-66
14-->src\debug\AndroidManifest.xml:6:22-64
15    <!--
16     io.flutter.app.FlutterApplication is an android.app.Application that
17         calls FlutterMain.startInitialization(this); in its onCreate method.
18         In most cases you can leave this as-is, but you if you want to provide
19         additional functionality it is fine to subclass or reimplement
20         FlutterApplication and put your custom class here.
21    -->
22    <uses-permission android:name="android.permission.USE_FINGERPRINT" />
22-->src\main\AndroidManifest.xml:8:5-73
22-->src\main\AndroidManifest.xml:8:22-71
23    <uses-permission android:name="android.permission.READ_CONTACTS" />
23-->src\main\AndroidManifest.xml:9:5-72
23-->src\main\AndroidManifest.xml:9:22-69
24    <uses-permission android:name="android.permission.WRITE_CONTACTS" />
24-->src\main\AndroidManifest.xml:10:5-73
24-->src\main\AndroidManifest.xml:10:22-70
25    <uses-permission android:name="android.permission.VIBRATE" />
25-->src\main\AndroidManifest.xml:11:5-65
25-->src\main\AndroidManifest.xml:11:22-63
26
27    <queries>
27-->src\main\AndroidManifest.xml:74:5-91:15
28        <intent>
28-->src\main\AndroidManifest.xml:75:9-78:18
29            <action android:name="android.intent.action.VIEW" />
29-->src\main\AndroidManifest.xml:54:17-69
29-->src\main\AndroidManifest.xml:54:25-66
30
31            <data android:scheme="https" />
31-->src\main\AndroidManifest.xml:57:17-81
31-->src\main\AndroidManifest.xml:57:23-44
32        </intent>
33        <intent>
33-->src\main\AndroidManifest.xml:79:9-82:18
34            <action android:name="android.intent.action.DIAL" />
34-->src\main\AndroidManifest.xml:80:13-65
34-->src\main\AndroidManifest.xml:80:21-62
35
36            <data android:scheme="tel" />
36-->src\main\AndroidManifest.xml:57:17-81
36-->src\main\AndroidManifest.xml:57:23-44
37        </intent>
38        <intent>
38-->src\main\AndroidManifest.xml:83:9-86:18
39            <action android:name="android.intent.action.SENDTO" />
39-->src\main\AndroidManifest.xml:84:13-66
39-->src\main\AndroidManifest.xml:84:21-64
40
41            <data android:scheme="mailto" />
41-->src\main\AndroidManifest.xml:57:17-81
41-->src\main\AndroidManifest.xml:57:23-44
42        </intent>
43        <intent>
43-->src\main\AndroidManifest.xml:87:9-90:18
44            <action android:name="android.intent.action.SEND" />
44-->src\main\AndroidManifest.xml:88:13-65
44-->src\main\AndroidManifest.xml:88:21-62
45
46            <data android:mimeType="*/*" />
46-->src\main\AndroidManifest.xml:57:17-81
47        </intent>
48        <intent>
48-->[:contacts_service] AndroidManifest.xml:10:9-12:18
49            <action android:name="android.accounts.AccountAuthenticator" />
49-->[:contacts_service] AndroidManifest.xml:11:13-76
49-->[:contacts_service] AndroidManifest.xml:11:21-73
50        </intent> <!-- Allows the app to load an icon corresponding to the custom MIME type. -->
51        <intent>
51-->[:contacts_service] AndroidManifest.xml:14:9-21:18
52            <action android:name="android.intent.action.VIEW" />
52-->src\main\AndroidManifest.xml:54:17-69
52-->src\main\AndroidManifest.xml:54:25-66
53
54            <data
54-->src\main\AndroidManifest.xml:57:17-81
55                android:host="com.android.contacts"
55-->src\main\AndroidManifest.xml:57:45-78
56                android:mimeType="vnd.android.cursor.item/*"
57                android:scheme="content" />
57-->src\main\AndroidManifest.xml:57:23-44
58        </intent>
59    </queries>
60
61    <uses-permission android:name="android.permission.ACCESS_NETWORK_STATE" />
61-->[:firebase_analytics] AndroidManifest.xml:7:5-79
61-->[:firebase_analytics] AndroidManifest.xml:7:22-76
62    <uses-permission android:name="android.permission.WAKE_LOCK" />
62-->[:firebase_analytics] AndroidManifest.xml:9:5-68
62-->[:firebase_analytics] AndroidManifest.xml:9:22-65
63    <uses-permission android:name="android.permission.RECEIVE_BOOT_COMPLETED" />
63-->[:flutter_local_notifications] AndroidManifest.xml:7:5-81
63-->[:flutter_local_notifications] AndroidManifest.xml:7:22-78
64    <uses-permission android:name="android.permission.USE_FULL_SCREEN_INTENT" />
64-->[:flutter_local_notifications] AndroidManifest.xml:9:5-81
64-->[:flutter_local_notifications] AndroidManifest.xml:9:22-78
65    <uses-permission android:name="android.permission.SCHEDULE_EXACT_ALARM" /> <!-- Required by older versions of Google Play services to create IID tokens -->
65-->[:flutter_local_notifications] AndroidManifest.xml:10:5-79
65-->[:flutter_local_notifications] AndroidManifest.xml:10:22-76
66    <uses-permission android:name="com.google.android.c2dm.permission.RECEIVE" />
66-->[com.google.firebase:firebase-messaging:23.0.5] AndroidManifest.xml:28:5-82
66-->[com.google.firebase:firebase-messaging:23.0.5] AndroidManifest.xml:28:22-79
67    <uses-permission android:name="com.google.android.gms.permission.AD_ID" />
67-->[com.google.android.gms:play-services-measurement-api:21.0.0] AndroidManifest.xml:25:5-79
67-->[com.google.android.gms:play-services-measurement-api:21.0.0] AndroidManifest.xml:25:22-76
68    <uses-permission android:name="android.permission.USE_BIOMETRIC" />
68-->[androidx.biometric:biometric:1.1.0] AndroidManifest.xml:24:5-72
68-->[androidx.biometric:biometric:1.1.0] AndroidManifest.xml:24:22-69
69    <uses-permission android:name="com.google.android.finsky.permission.BIND_GET_INSTALL_REFERRER_SERVICE" />
69-->[com.google.android.gms:play-services-measurement:21.0.0] AndroidManifest.xml:26:5-110
69-->[com.google.android.gms:play-services-measurement:21.0.0] AndroidManifest.xml:26:22-107
70
71    <application
71-->src\main\AndroidManifest.xml:14:5-73:19
72        android:allowBackup="false"
72-->src\main\AndroidManifest.xml:17:9-36
73        android:appComponentFactory="androidx.core.app.CoreComponentFactory"
73-->[androidx.core:core:1.7.0] AndroidManifest.xml:24:18-86
74        android:debuggable="true"
75        android:extractNativeLibs="false"
76        android:icon="@mipmap/ic_launcher"
76-->src\main\AndroidManifest.xml:16:9-43
77        android:label="@string/app_name" >
77-->src\main\AndroidManifest.xml:15:9-41
78        <activity
78-->src\main\AndroidManifest.xml:18:9-63:20
79            android:name="org.second.bestill.MainActivity"
79-->src\main\AndroidManifest.xml:19:13-41
80            android:configChanges="orientation|keyboardHidden|keyboard|screenSize|smallestScreenSize|locale|layoutDirection|fontScale|screenLayout|density|uiMode"
80-->src\main\AndroidManifest.xml:23:13-163
81            android:exported="true"
81-->src\main\AndroidManifest.xml:20:13-36
82            android:hardwareAccelerated="true"
82-->src\main\AndroidManifest.xml:24:13-47
83            android:launchMode="singleTop"
83-->src\main\AndroidManifest.xml:21:13-43
84            android:theme="@style/LaunchTheme"
84-->src\main\AndroidManifest.xml:22:13-47
85            android:windowSoftInputMode="adjustResize" >
85-->src\main\AndroidManifest.xml:25:13-55
86
87            <!--
88                 Specifies an Android theme to apply to this Activity as soon as
89                 the Android process has started. This theme is visible to the user
90                 while the Flutter UI initializes. After that, this theme continues
91                 to determine the Window background behind the Flutter UI.
92            -->
93            <meta-data
93-->src\main\AndroidManifest.xml:30:13-33:17
94                android:name="io.flutter.embedding.android.NormalTheme"
94-->src\main\AndroidManifest.xml:31:15-70
95                android:resource="@style/NormalTheme" />
95-->src\main\AndroidManifest.xml:32:15-52
96            <!--
97                 Displays an Android View that continues showing the launch screen
98                 Drawable until Flutter paints its first frame, then this splash
99                 screen fades out. A splash screen is useful to avoid any visual
100                 gap between the end of Android's launch screen and the painting of
101                 Flutter's first frame.
102            -->
103            <meta-data
103-->src\main\AndroidManifest.xml:39:13-42:17
104                android:name="io.flutter.embedding.android.SplashScreenDrawable"
104-->src\main\AndroidManifest.xml:40:15-79
105                android:resource="@drawable/launch_background" />
105-->src\main\AndroidManifest.xml:41:15-61
106
107            <intent-filter>
107-->src\main\AndroidManifest.xml:43:13-46:29
108                <action android:name="android.intent.action.MAIN" />
108-->src\main\AndroidManifest.xml:44:17-68
108-->src\main\AndroidManifest.xml:44:25-66
109
110                <category android:name="android.intent.category.LAUNCHER" />
110-->src\main\AndroidManifest.xml:45:17-76
110-->src\main\AndroidManifest.xml:45:27-74
111            </intent-filter>
112            <intent-filter>
112-->src\main\AndroidManifest.xml:47:13-50:29
113                <action android:name="FLUTTER_NOTIFICATION_CLICK" />
113-->src\main\AndroidManifest.xml:48:17-69
113-->src\main\AndroidManifest.xml:48:25-66
114
115                <category android:name="android.intent.category.DEFAULT" />
115-->src\main\AndroidManifest.xml:49:17-76
115-->src\main\AndroidManifest.xml:49:27-73
116            </intent-filter>
117            <!-- Deep linking -->
118            <meta-data
118-->src\main\AndroidManifest.xml:52:13-90
119                android:name="flutter_deeplinking_enabled"
119-->src\main\AndroidManifest.xml:52:24-66
120                android:value="true" />
120-->src\main\AndroidManifest.xml:52:67-87
121
122            <intent-filter android:autoVerify="true" >
122-->src\main\AndroidManifest.xml:53:13-62:29
122-->src\main\AndroidManifest.xml:53:28-53
123                <action android:name="android.intent.action.VIEW" />
123-->src\main\AndroidManifest.xml:54:17-69
123-->src\main\AndroidManifest.xml:54:25-66
124
125                <category android:name="android.intent.category.DEFAULT" />
125-->src\main\AndroidManifest.xml:49:17-76
125-->src\main\AndroidManifest.xml:49:27-73
126                <category android:name="android.intent.category.BROWSABLE" />
126-->src\main\AndroidManifest.xml:56:17-78
126-->src\main\AndroidManifest.xml:56:27-75
127
128                <data
128-->src\main\AndroidManifest.xml:57:17-81
129                    android:host="org.second.bestill"
129-->src\main\AndroidManifest.xml:57:45-78
130                    android:scheme="http" />
130-->src\main\AndroidManifest.xml:57:23-44
131                <data
131-->src\main\AndroidManifest.xml:57:17-81
132                    android:host="org.second.bestill.dev"
132-->src\main\AndroidManifest.xml:57:45-78
133                    android:scheme="http" />
133-->src\main\AndroidManifest.xml:57:23-44
134                <data
134-->src\main\AndroidManifest.xml:57:17-81
135                    android:host="org.second.bestill.test"
135-->src\main\AndroidManifest.xml:57:45-78
136                    android:scheme="http" />
136-->src\main\AndroidManifest.xml:57:23-44
137                <data
137-->src\main\AndroidManifest.xml:57:17-81
138                    android:host="org.second.bestill.v2"
138-->src\main\AndroidManifest.xml:57:45-78
139                    android:scheme="http" />
139-->src\main\AndroidManifest.xml:57:23-44
140                <data android:scheme="https" />
140-->src\main\AndroidManifest.xml:57:17-81
140-->src\main\AndroidManifest.xml:57:23-44
141            </intent-filter>
142        </activity>
143        <!--
144             Don't delete the meta-data below.
145             This is used by the Flutter tool to generate GeneratedPluginRegistrant.java
146        -->
147        <!--
148        <activity
149            android:showWhenLocked="true"
150            android:turnScreenOn="true">
151        </activity>
152        -->
153        <meta-data
153-->src\main\AndroidManifest.xml:70:9-72:33
154            android:name="flutterEmbedding"
154-->src\main\AndroidManifest.xml:71:13-44
155            android:value="2" />
155-->src\main\AndroidManifest.xml:72:13-30
156
157        <service
157-->[:firebase_crashlytics] AndroidManifest.xml:8:9-12:19
158            android:name="com.google.firebase.components.ComponentDiscoveryService"
158-->[:firebase_crashlytics] AndroidManifest.xml:8:18-89
159            android:directBootAware="true"
159-->[com.google.firebase:firebase-common:20.1.1] AndroidManifest.xml:35:13-43
160            android:exported="false" >
160-->[com.google.firebase:firebase-auth:21.0.5] AndroidManifest.xml:66:13-37
161            <meta-data
161-->[:firebase_crashlytics] AndroidManifest.xml:9:13-11:85
162                android:name="com.google.firebase.components:io.flutter.plugins.firebase.crashlytics.FlutterFirebaseAppRegistrar"
162-->[:firebase_crashlytics] AndroidManifest.xml:10:17-130
163                android:value="com.google.firebase.components.ComponentRegistrar" />
163-->[:firebase_crashlytics] AndroidManifest.xml:11:17-82
164            <meta-data
164-->[:cloud_firestore] AndroidManifest.xml:9:13-11:85
165                android:name="com.google.firebase.components:io.flutter.plugins.firebase.firestore.FlutterFirebaseFirestoreRegistrar"
165-->[:cloud_firestore] AndroidManifest.xml:10:17-134
166                android:value="com.google.firebase.components.ComponentRegistrar" />
166-->[:cloud_firestore] AndroidManifest.xml:11:17-82
167            <meta-data
167-->[:firebase_dynamic_links] AndroidManifest.xml:11:13-13:85
168                android:name="com.google.firebase.components:io.flutter.plugins.firebasedynamiclinks.FlutterFirebaseAppRegistrar"
168-->[:firebase_dynamic_links] AndroidManifest.xml:12:17-130
169                android:value="com.google.firebase.components.ComponentRegistrar" />
169-->[:firebase_dynamic_links] AndroidManifest.xml:13:17-82
170            <meta-data
170-->[:firebase_analytics] AndroidManifest.xml:13:13-15:85
171                android:name="com.google.firebase.components:io.flutter.plugins.firebase.analytics.FlutterFirebaseAppRegistrar"
171-->[:firebase_analytics] AndroidManifest.xml:14:17-128
172                android:value="com.google.firebase.components.ComponentRegistrar" />
172-->[:firebase_analytics] AndroidManifest.xml:15:17-82
173            <meta-data
173-->[:firebase_auth] AndroidManifest.xml:9:13-11:85
174                android:name="com.google.firebase.components:io.flutter.plugins.firebase.auth.FlutterFirebaseAuthRegistrar"
174-->[:firebase_auth] AndroidManifest.xml:10:17-124
175                android:value="com.google.firebase.components.ComponentRegistrar" />
175-->[:firebase_auth] AndroidManifest.xml:11:17-82
176            <meta-data
176-->[:firebase_messaging] AndroidManifest.xml:34:13-36:85
177                android:name="com.google.firebase.components:io.flutter.plugins.firebase.messaging.FlutterFirebaseAppRegistrar"
177-->[:firebase_messaging] AndroidManifest.xml:35:17-128
178                android:value="com.google.firebase.components.ComponentRegistrar" />
178-->[:firebase_messaging] AndroidManifest.xml:36:17-82
179            <meta-data
179-->[:firebase_core] AndroidManifest.xml:9:13-11:85
180                android:name="com.google.firebase.components:io.flutter.plugins.firebase.core.FlutterFirebaseCoreRegistrar"
180-->[:firebase_core] AndroidManifest.xml:10:17-124
181                android:value="com.google.firebase.components.ComponentRegistrar" />
181-->[:firebase_core] AndroidManifest.xml:11:17-82
182            <meta-data
182-->[com.google.firebase:firebase-auth:21.0.5] AndroidManifest.xml:67:13-69:85
183                android:name="com.google.firebase.components:com.google.firebase.auth.FirebaseAuthRegistrar"
183-->[com.google.firebase:firebase-auth:21.0.5] AndroidManifest.xml:68:17-109
184                android:value="com.google.firebase.components.ComponentRegistrar" />
184-->[com.google.firebase:firebase-auth:21.0.5] AndroidManifest.xml:69:17-82
185            <meta-data
185-->[com.google.firebase:firebase-firestore:24.1.2] AndroidManifest.xml:20:13-22:85
186                android:name="com.google.firebase.components:com.google.firebase.firestore.FirestoreRegistrar"
186-->[com.google.firebase:firebase-firestore:24.1.2] AndroidManifest.xml:21:17-111
187                android:value="com.google.firebase.components.ComponentRegistrar" />
187-->[com.google.firebase:firebase-firestore:24.1.2] AndroidManifest.xml:22:17-82
188            <meta-data
188-->[com.google.firebase:firebase-messaging:23.0.5] AndroidManifest.xml:55:13-57:85
189                android:name="com.google.firebase.components:com.google.firebase.messaging.FirebaseMessagingRegistrar"
189-->[com.google.firebase:firebase-messaging:23.0.5] AndroidManifest.xml:56:17-119
190                android:value="com.google.firebase.components.ComponentRegistrar" />
190-->[com.google.firebase:firebase-messaging:23.0.5] AndroidManifest.xml:57:17-82
191            <meta-data
191-->[com.google.firebase:firebase-crashlytics:18.2.11] AndroidManifest.xml:18:13-20:85
192                android:name="com.google.firebase.components:com.google.firebase.crashlytics.CrashlyticsRegistrar"
192-->[com.google.firebase:firebase-crashlytics:18.2.11] AndroidManifest.xml:19:17-115
193                android:value="com.google.firebase.components.ComponentRegistrar" />
193-->[com.google.firebase:firebase-crashlytics:18.2.11] AndroidManifest.xml:20:17-82
194            <meta-data
194-->[com.google.firebase:firebase-dynamic-links:21.0.1] AndroidManifest.xml:27:13-29:85
195                android:name="com.google.firebase.components:com.google.firebase.dynamiclinks.internal.FirebaseDynamicLinkRegistrar"
195-->[com.google.firebase:firebase-dynamic-links:21.0.1] AndroidManifest.xml:28:17-133
196                android:value="com.google.firebase.components.ComponentRegistrar" />
196-->[com.google.firebase:firebase-dynamic-links:21.0.1] AndroidManifest.xml:29:17-82
197            <meta-data
197-->[com.google.android.gms:play-services-measurement-api:21.0.0] AndroidManifest.xml:31:13-33:85
198                android:name="com.google.firebase.components:com.google.firebase.analytics.connector.internal.AnalyticsConnectorRegistrar"
198-->[com.google.android.gms:play-services-measurement-api:21.0.0] AndroidManifest.xml:32:17-139
199                android:value="com.google.firebase.components.ComponentRegistrar" />
199-->[com.google.android.gms:play-services-measurement-api:21.0.0] AndroidManifest.xml:33:17-82
200            <meta-data
200-->[com.google.firebase:firebase-datatransport:18.1.4] AndroidManifest.xml:28:13-30:85
201                android:name="com.google.firebase.components:com.google.firebase.datatransport.TransportRegistrar"
201-->[com.google.firebase:firebase-datatransport:18.1.4] AndroidManifest.xml:29:17-115
202                android:value="com.google.firebase.components.ComponentRegistrar" />
202-->[com.google.firebase:firebase-datatransport:18.1.4] AndroidManifest.xml:30:17-82
203            <meta-data
203-->[com.google.firebase:firebase-installations:17.0.1] AndroidManifest.xml:18:13-20:85
204                android:name="com.google.firebase.components:com.google.firebase.installations.FirebaseInstallationsRegistrar"
204-->[com.google.firebase:firebase-installations:17.0.1] AndroidManifest.xml:19:17-127
205                android:value="com.google.firebase.components.ComponentRegistrar" />
205-->[com.google.firebase:firebase-installations:17.0.1] AndroidManifest.xml:20:17-82
206        </service>
207        <service
207-->[:firebase_messaging] AndroidManifest.xml:12:9-15:72
208            android:name="io.flutter.plugins.firebase.messaging.FlutterFirebaseMessagingBackgroundService"
208-->[:firebase_messaging] AndroidManifest.xml:13:13-107
209            android:exported="false"
209-->[:firebase_messaging] AndroidManifest.xml:14:13-37
210            android:permission="android.permission.BIND_JOB_SERVICE" />
210-->[:firebase_messaging] AndroidManifest.xml:15:13-69
211        <service
211-->[:firebase_messaging] AndroidManifest.xml:16:9-22:19
212            android:name="io.flutter.plugins.firebase.messaging.FlutterFirebaseMessagingService"
212-->[:firebase_messaging] AndroidManifest.xml:17:13-97
213            android:exported="false" >
213-->[:firebase_messaging] AndroidManifest.xml:18:13-37
214            <intent-filter>
214-->[:firebase_messaging] AndroidManifest.xml:19:13-21:29
215                <action android:name="com.google.firebase.MESSAGING_EVENT" />
215-->[:firebase_messaging] AndroidManifest.xml:20:17-78
215-->[:firebase_messaging] AndroidManifest.xml:20:25-75
216            </intent-filter>
217        </service>
218
219        <receiver
219-->[:firebase_messaging] AndroidManifest.xml:24:9-31:20
220            android:name="io.flutter.plugins.firebase.messaging.FlutterFirebaseMessagingReceiver"
220-->[:firebase_messaging] AndroidManifest.xml:25:13-98
221            android:exported="true"
221-->[:firebase_messaging] AndroidManifest.xml:26:13-36
222            android:permission="com.google.android.c2dm.permission.SEND" >
222-->[:firebase_messaging] AndroidManifest.xml:27:13-73
223            <intent-filter>
223-->[:firebase_messaging] AndroidManifest.xml:28:13-30:29
224                <action android:name="com.google.android.c2dm.intent.RECEIVE" />
224-->[:firebase_messaging] AndroidManifest.xml:29:17-81
224-->[:firebase_messaging] AndroidManifest.xml:29:25-78
225            </intent-filter>
226        </receiver>
227
228        <provider
228-->[:firebase_messaging] AndroidManifest.xml:39:9-43:38
229            android:name="io.flutter.plugins.firebase.messaging.FlutterFirebaseMessagingInitProvider"
229-->[:firebase_messaging] AndroidManifest.xml:40:13-102
230            android:authorities="org.second.bestill.dev.flutterfirebasemessaginginitprovider"
230-->[:firebase_messaging] AndroidManifest.xml:41:13-88
231            android:exported="false"
231-->[:firebase_messaging] AndroidManifest.xml:42:13-37
232            android:initOrder="99" />
232-->[:firebase_messaging] AndroidManifest.xml:43:13-35
233        <provider
233-->[:flutter_email_sender] AndroidManifest.xml:8:9-16:20
234            android:name="com.sidlatau.flutteremailsender.FlutterEmailSenderFileProvider"
234-->[:flutter_email_sender] AndroidManifest.xml:9:13-90
235            android:authorities="org.second.bestill.dev.file_provider"
235-->[:flutter_email_sender] AndroidManifest.xml:10:13-65
236            android:exported="false"
236-->[:flutter_email_sender] AndroidManifest.xml:11:13-37
237            android:grantUriPermissions="true" >
237-->[:flutter_email_sender] AndroidManifest.xml:12:13-47
238            <meta-data
238-->[:flutter_email_sender] AndroidManifest.xml:13:13-15:61
239                android:name="android.support.FILE_PROVIDER_PATHS"
239-->[:flutter_email_sender] AndroidManifest.xml:14:17-67
240                android:resource="@xml/shared_file_paths" />
240-->[:flutter_email_sender] AndroidManifest.xml:15:17-58
241        </provider>
242
243        <receiver
243-->[:flutter_local_notifications] AndroidManifest.xml:13:9-15:40
244            android:name="com.dexterous.flutterlocalnotifications.ScheduledNotificationReceiver"
244-->[:flutter_local_notifications] AndroidManifest.xml:14:13-97
245            android:exported="false" />
245-->[:flutter_local_notifications] AndroidManifest.xml:15:13-37
246        <receiver
246-->[:flutter_local_notifications] AndroidManifest.xml:16:9-25:20
247            android:name="com.dexterous.flutterlocalnotifications.ScheduledNotificationBootReceiver"
247-->[:flutter_local_notifications] AndroidManifest.xml:17:13-101
248            android:exported="false" >
248-->[:flutter_local_notifications] AndroidManifest.xml:18:13-37
249            <intent-filter>
249-->[:flutter_local_notifications] AndroidManifest.xml:19:13-24:29
250                <action android:name="android.intent.action.BOOT_COMPLETED" />
250-->[:flutter_local_notifications] AndroidManifest.xml:20:17-79
250-->[:flutter_local_notifications] AndroidManifest.xml:20:25-76
251                <action android:name="android.intent.action.MY_PACKAGE_REPLACED" />
251-->[:flutter_local_notifications] AndroidManifest.xml:21:17-84
251-->[:flutter_local_notifications] AndroidManifest.xml:21:25-81
252                <action android:name="android.intent.action.QUICKBOOT_POWERON" />
252-->[:flutter_local_notifications] AndroidManifest.xml:22:17-82
252-->[:flutter_local_notifications] AndroidManifest.xml:22:25-79
253                <action android:name="com.htc.intent.action.QUICKBOOT_POWERON" />
253-->[:flutter_local_notifications] AndroidManifest.xml:23:17-82
253-->[:flutter_local_notifications] AndroidManifest.xml:23:25-79
254            </intent-filter>
255        </receiver>
256
257        <activity
257-->[:url_launcher_android] AndroidManifest.xml:8:9-11:74
258            android:name="io.flutter.plugins.urllauncher.WebViewActivity"
258-->[:url_launcher_android] AndroidManifest.xml:9:13-74
259            android:exported="false"
259-->[:url_launcher_android] AndroidManifest.xml:10:13-37
260            android:theme="@android:style/Theme.NoTitleBar.Fullscreen" />
260-->[:url_launcher_android] AndroidManifest.xml:11:13-71
261
262        <uses-library
262-->[androidx.window:window:1.0.0-beta04] AndroidManifest.xml:25:9-27:40
263            android:name="androidx.window.extensions"
263-->[androidx.window:window:1.0.0-beta04] AndroidManifest.xml:26:13-54
264            android:required="false" />
264-->[androidx.window:window:1.0.0-beta04] AndroidManifest.xml:27:13-37
265        <uses-library
265-->[androidx.window:window:1.0.0-beta04] AndroidManifest.xml:28:9-30:40
266            android:name="androidx.window.sidecar"
266-->[androidx.window:window:1.0.0-beta04] AndroidManifest.xml:29:13-51
267            android:required="false" />
267-->[androidx.window:window:1.0.0-beta04] AndroidManifest.xml:30:13-37
268
269        <activity
269-->[com.google.firebase:firebase-auth:21.0.5] AndroidManifest.xml:27:9-44:20
270            android:name="com.google.firebase.auth.internal.GenericIdpActivity"
270-->[com.google.firebase:firebase-auth:21.0.5] AndroidManifest.xml:28:13-80
271            android:excludeFromRecents="true"
271-->[com.google.firebase:firebase-auth:21.0.5] AndroidManifest.xml:29:13-46
272            android:exported="true"
272-->[com.google.firebase:firebase-auth:21.0.5] AndroidManifest.xml:30:13-36
273            android:launchMode="singleTask"
273-->[com.google.firebase:firebase-auth:21.0.5] AndroidManifest.xml:31:13-44
274            android:theme="@android:style/Theme.Translucent.NoTitleBar" >
274-->[com.google.firebase:firebase-auth:21.0.5] AndroidManifest.xml:32:13-72
275            <intent-filter>
275-->[com.google.firebase:firebase-auth:21.0.5] AndroidManifest.xml:33:13-43:29
276                <action android:name="android.intent.action.VIEW" />
276-->src\main\AndroidManifest.xml:54:17-69
276-->src\main\AndroidManifest.xml:54:25-66
277
278                <category android:name="android.intent.category.DEFAULT" />
278-->src\main\AndroidManifest.xml:49:17-76
278-->src\main\AndroidManifest.xml:49:27-73
279                <category android:name="android.intent.category.BROWSABLE" />
279-->src\main\AndroidManifest.xml:56:17-78
279-->src\main\AndroidManifest.xml:56:27-75
280
281                <data
281-->src\main\AndroidManifest.xml:57:17-81
282                    android:host="firebase.auth"
282-->src\main\AndroidManifest.xml:57:45-78
283                    android:path="/"
284                    android:scheme="genericidp" />
284-->src\main\AndroidManifest.xml:57:23-44
285            </intent-filter>
286        </activity>
287        <activity
287-->[com.google.firebase:firebase-auth:21.0.5] AndroidManifest.xml:45:9-62:20
288            android:name="com.google.firebase.auth.internal.RecaptchaActivity"
288-->[com.google.firebase:firebase-auth:21.0.5] AndroidManifest.xml:46:13-79
289            android:excludeFromRecents="true"
289-->[com.google.firebase:firebase-auth:21.0.5] AndroidManifest.xml:47:13-46
290            android:exported="true"
290-->[com.google.firebase:firebase-auth:21.0.5] AndroidManifest.xml:48:13-36
291            android:launchMode="singleTask"
291-->[com.google.firebase:firebase-auth:21.0.5] AndroidManifest.xml:49:13-44
292            android:theme="@android:style/Theme.Translucent.NoTitleBar" >
292-->[com.google.firebase:firebase-auth:21.0.5] AndroidManifest.xml:50:13-72
293            <intent-filter>
293-->[com.google.firebase:firebase-auth:21.0.5] AndroidManifest.xml:51:13-61:29
294                <action android:name="android.intent.action.VIEW" />
294-->src\main\AndroidManifest.xml:54:17-69
294-->src\main\AndroidManifest.xml:54:25-66
295
296                <category android:name="android.intent.category.DEFAULT" />
296-->src\main\AndroidManifest.xml:49:17-76
296-->src\main\AndroidManifest.xml:49:27-73
297                <category android:name="android.intent.category.BROWSABLE" />
297-->src\main\AndroidManifest.xml:56:17-78
297-->src\main\AndroidManifest.xml:56:27-75
298
299                <data
299-->src\main\AndroidManifest.xml:57:17-81
300                    android:host="firebase.auth"
300-->src\main\AndroidManifest.xml:57:45-78
301                    android:path="/"
302                    android:scheme="recaptcha" />
302-->src\main\AndroidManifest.xml:57:23-44
303            </intent-filter>